<?xml version="1.0" encoding="UTF-8"?>
<!-- Generated by org.testng.reporters.JUnitReportReporter -->
<testsuite hostname="DESKTOP-M8930OC" failures="0" tests="1" name="NeoStoxTest.ValidateNeoStocksUserNamePropertiesFile" time="12.196" errors="0" timestamp="2022-12-10T23:56:56 IST" skipped="0">
  <testcase classname="NeoStoxTest.ValidateNeoStocksUserNamePropertiesFile" name="ValidateUserName" time="12.196"/>
  <system-out>
    <![CDATA[getting userName
Reading value of usernamefrom property file
getting userName
Taking screenshot 
TC ValidateUserName is comleted succefully]]>
  </system-out>
</testsuite> <!-- NeoStoxTest.ValidateNeoStocksUserNamePropertiesFile -->
